This is pdfTeX, Version 3.1415926-2.4-1.40.13 (TeX Live 2012) (format=pdflatex 2012.6.30)  14 OCT 2012 13:33
entering extended mode
 restricted \write18 enabled.
 %&-line parsing enabled.
**\input proposal.tex
(./proposal.tex (/usr/local/texlive/2012/texmf-dist/tex/latex/base/article.cls
Document Class: article 2007/10/19 v1.4h Standard LaTeX document class
(/usr/local/texlive/2012/texmf-dist/tex/latex/base/size12.clo
File: size12.clo 2007/10/19 v1.4h Standard LaTeX file (size option)
)
\c@part=\count79
\c@section=\count80
\c@subsection=\count81
\c@subsubsection=\count82
\c@paragraph=\count83
\c@subparagraph=\count84
\c@figure=\count85
\c@table=\count86
\abovecaptionskip=\skip41
\belowcaptionskip=\skip42
\bibindent=\dimen102
)
(/usr/local/texlive/2012/texmf-dist/tex/latex/a4wide/a4wide.sty
Package: a4wide 1994/08/30

(/usr/local/texlive/2012/texmf-dist/tex/latex/ntgclass/a4.sty
Package: a4 2004/04/15 v1.2g A4 based page layout
)) (./proposal.aux)
\openout1 = `proposal.aux'.

LaTeX Font Info:    Checking defaults for OML/cmm/m/it on input line 10.
LaTeX Font Info:    ... okay on input line 10.
LaTeX Font Info:    Checking defaults for T1/cmr/m/n on input line 10.
LaTeX Font Info:    ... okay on input line 10.
LaTeX Font Info:    Checking defaults for OT1/cmr/m/n on input line 10.
LaTeX Font Info:    ... okay on input line 10.
LaTeX Font Info:    Checking defaults for OMS/cmsy/m/n on input line 10.
LaTeX Font Info:    ... okay on input line 10.
LaTeX Font Info:    Checking defaults for OMX/cmex/m/n on input line 10.
LaTeX Font Info:    ... okay on input line 10.
LaTeX Font Info:    Checking defaults for U/cmr/m/n on input line 10.
LaTeX Font Info:    ... okay on input line 10.
 [1

{/usr/local/texlive/2012/texmf-var/fonts/map/pdftex/updmap/pdftex.map}]
Missing character: There is no ‚ in font cmtt12!
Missing character: There is no Ä in font cmtt12!
Missing character: There is no ú in font cmtt12!
Missing character: There is no ‚ in font cmtt12!
Missing character: There is no Ä in font cmtt12!
Missing character: There is no ù in font cmtt12!
Missing character: There is no ‚ in font cmtt12!
Missing character: There is no Ä in font cmtt12!
Missing character: There is no ú in font cmtt12!
Missing character: There is no ‚ in font cmtt12!
Missing character: There is no Ä in font cmtt12!
Missing character: There is no ù in font cmtt12!

[2]
LaTeX Font Info:    External font `cmex10' loaded for size
(Font)              <12> on input line 142.
LaTeX Font Info:    External font `cmex10' loaded for size
(Font)              <8> on input line 142.
LaTeX Font Info:    External font `cmex10' loaded for size
(Font)              <6> on input line 142.
LaTeX Font Info:    External font `cmex10' loaded for size
(Font)              <7> on input line 146.
LaTeX Font Info:    External font `cmex10' loaded for size
(Font)              <5> on input line 146.
 [3] [4]
LaTeX Font Info:    Try loading font information for OMS+cmr on input line 209.

 (/usr/local/texlive/2012/texmf-dist/tex/latex/base/omscmr.fd
File: omscmr.fd 1999/05/25 v2.5h Standard LaTeX font definitions
)
LaTeX Font Info:    Font shape `OMS/cmr/m/n' in size <12> not available
(Font)              Font shape `OMS/cmsy/m/n' tried instead on input line 209.
Missing character: There is no ‚ in font cmr12!
Missing character: There is no Ä in font cmr12!
Missing character: There is no ú in font cmr12!
Missing character: There is no ‚ in font cmr12!
Missing character: There is no Ä in font cmr12!
Missing character: There is no ù in font cmr12!

[5] [6]
Missing character: There is no ‚ in font cmr12!
Missing character: There is no Ä in font cmr12!
Missing character: There is no ô in font cmr12!
 (./proposal.bbl [7]) [8] (./proposal.aux) ) 
Here is how much of TeX's memory you used:
 285 strings out of 493488
 3522 string characters out of 3141326
 54432 words of memory out of 3000000
 3649 multiletter control sequences out of 15000+200000
 9584 words of font info for 34 fonts, out of 3000000 for 9000
 957 hyphenation exceptions out of 8191
 24i,8n,22p,219b,318s stack positions out of 5000i,500n,10000p,200000b,50000s
</usr/local/texlive/2012/texmf-dist
/fonts/type1/public/amsfonts/cm/cmbx12.pfb></usr/local/texlive/2012/texmf-dist/
fonts/type1/public/amsfonts/cm/cmbx6.pfb></usr/local/texlive/2012/texmf-dist/fo
nts/type1/public/amsfonts/cm/cmr10.pfb></usr/local/texlive/2012/texmf-dist/font
s/type1/public/amsfonts/cm/cmr12.pfb></usr/local/texlive/2012/texmf-dist/fonts/
type1/public/amsfonts/cm/cmr7.pfb></usr/local/texlive/2012/texmf-dist/fonts/typ
e1/public/amsfonts/cm/cmr8.pfb></usr/local/texlive/2012/texmf-dist/fonts/type1/
public/amsfonts/cm/cmsy10.pfb></usr/local/texlive/2012/texmf-dist/fonts/type1/p
ublic/amsfonts/cm/cmti10.pfb></usr/local/texlive/2012/texmf-dist/fonts/type1/pu
blic/amsfonts/cm/cmti12.pfb></usr/local/texlive/2012/texmf-dist/fonts/type1/pub
lic/amsfonts/cm/cmtt12.pfb>
Output written on proposal.pdf (8 pages, 131093 bytes).
PDF statistics:
 71 PDF objects out of 1000 (max. 8388607)
 50 compressed objects within 1 object stream
 0 named destinations out of 1000 (max. 500000)
 1 words of extra memory for PDF output out of 10000 (max. 10000000)

